<?xml version="1.0" encoding="UTF-8"?>
<testsuite xmlns:xsi="http://www.w3.org/2001/XMLSchema-instance" xsi:noNamespaceSchemaLocation="https://maven.apache.org/surefire/maven-surefire-plugin/xsd/surefire-test-report-3.0.xsd" version="3.0" name="br.com.carrefour.api.tests.PerformanceTests" time="0.451" tests="1" errors="0" skipped="0" failures="0">
  <properties>
[...]
</properties>
  <testcase name="testResponseTime" classname="br.com.carrefour.api.tests.PerformanceTests" time="0.451">
    <system-out><![CDATA[Request method:	GET
Request URI:	https://serverest.dev/usuarios
Proxy:			<none>
Request params:	<none>
Query params:	<none>
Form params:	<none>
Path params:	<none>
Headers:		Accept=*/*
Cookies:		<none>
Multiparts:		<none>
Body:			<none>
HTTP/1.1 200 OK
access-control-allow-origin: *
x-dns-prefetch-control: off
x-frame-options: SAMEORIGIN
strict-transport-security: max-age=15552000; includeSubDomains
x-download-options: noopen
x-content-type-options: nosniff
x-xss-protection: 1; mode=block
content-type: application/json; charset=utf-8
x-cloud-trace-context: 964057527a5b7abb28078755ee29c32f
date: Sat, 26 Jul 2025 17:33:03 GMT
server: Google Frontend
Content-Length: 3251

{
    "quantidade": 15,
    "usuarios": [
        {
            "nome": "Diogo Atualizado",
            "email": "diogoatualizado@carrefour.com",
            "password": "senhaAtualizada123",
            "administrador": "true",
            "_id": "00gLLrk0a24loR6q"
        },
        {
            "nome": "Fulano da Silva",
            "email": "fulano@qa.com",
            "password": "teste",
            "administrador": "true",
            "_id": "0uxuPY0cbmQhpEz1"
        },
        {
            "nome": "Fulano da Silva",
            "email": "jgjw@emailteste.com",
            "password": "1234",
            "administrador": "true",
            "_id": "1TreiHftbfC10Uqm"
        },
        {
            "nome": "Fulano da Silva",
            "email": "hqnr@emailteste.com",
            "password": "1234",
            "administrador": "true",
            "_id": "8V49TCsM7f2nFSJK"
        },
        {
            "nome": "Fulano da Silva",
            "email": "ssed@emailteste.com",
            "password": "1234",
            "administrador": "true",
            "_id": "9HI8DrDP4KZlnlr9"
        },
        {
            "nome": "Fulano da Silva",
            "email": "tlje@emailteste.com",
            "password": "1234",
            "administrador": "true",
            "_id": "AjlG6btWN5n7ZhQO"
        },
        {
            "nome": "Fulano da Silva",
            "email": "myeo@emailteste.com",
            "password": "1234",
            "administrador": "true",
            "_id": "Kl33gfnYIrjnX5Fq"
        },
        {
            "nome": "Fulano da Silva",
            "email": "xulj@emailteste.com",
            "password": "1234",
            "administrador": "true",
            "_id": "PPN8ZVkdxhAPfFRg"
        },
        {
            "nome": "Fulano da Silva",
            "email": "izbf@emailteste.com",
            "password": "1234",
            "administrador": "true",
            "_id": "URZfF1slVWv1lzkA"
        },
        {
            "nome": "Fulano da Silva",
            "email": "ehrq@emailteste.com",
            "password": "1234",
            "administrador": "true",
            "_id": "abFjenSqcRBua3zX"
        },
        {
            "nome": "Fulano da Silva",
            "email": "gfwg@emailteste.com",
            "password": "1234",
            "administrador": "true",
            "_id": "hlfweVqMRod4R8jB"
        },
        {
            "nome": "Fulano da Silva",
            "email": "kfim@emailteste.com",
            "password": "1234",
            "administrador": "true",
            "_id": "jlyRyPTUoxBcR7wn"
        },
        {
            "nome": "Diogo Ferreira",
            "email": "diogo.ferreira@carrefour.com",
            "password": "senhaSegura123",
            "administrador": "true",
            "_id": "uV6O3yund94DXfJk"
        },
        {
            "nome": "Fulano da Silva",
            "email": "dout@emailteste.com",
            "password": "1234",
            "administrador": "true",
            "_id": "wl1mN9DXevSFWb4i"
        },
        {
            "nome": "Fulano da Silva",
            "email": "lhdw@emailteste.com",
            "password": "1234",
            "administrador": "true",
            "_id": "yGzVQtFMeze77cCD"
        }
    ]
}
]]></system-out>
  </testcase>
</testsuite>